<?xml version="1.0" encoding="UTF-8"?>
<!-- Generated by org.testng.reporters.JUnitReportReporter -->
<testsuite skipped="0" hostname="DESKTOP-9TV1JMC" name="practisewithMaven.pracTestNG" tests="2" failures="0" timestamp="2022-08-24T23:33:10 IST" time="0.039" errors="0">
  <testcase name="out" time="0.005" classname="practisewithMaven.pracTestNG"/>
  <system-out/>
  <testcase name="bye" time="0.034" classname="practisewithMaven.pracTestNG"/>
  <system-out/>
</testsuite> <!-- practisewithMaven.pracTestNG -->
